<?xml version="1.0" encoding="UTF-8"?>
<testng-results ignored="0" total="4" passed="4" failed="0" skipped="0">
  <reporter-output>
  </reporter-output>
  <suite started-at="2024-02-06T16:14:04 GMT-05:00" name="Cucumber Suite" finished-at="2024-02-06T16:14:23 GMT-05:00" duration-ms="19326">
    <groups>
      <group name="cucumber">
        <method signature="AbstractTestNGCucumberTests.runScenario(io.cucumber.testng.PickleWrapper,io.cucumber.testng.FeatureWrapper)[pri:0, instance:Test_Runners.AdminLogin@5149d738]" name="runScenario" class="io.cucumber.testng.AbstractTestNGCucumberTests"/>
      </group> <!-- cucumber -->
    </groups>
    <test started-at="2024-02-06T16:14:04 GMT-05:00" name="Cucumber Test" finished-at="2024-02-06T16:14:23 GMT-05:00" duration-ms="19326">
      <class name="Test_Runners.AdminLogin">
        <test-method is-config="true" signature="setUpClass(org.testng.ITestContext)[pri:0, instance:Test_Runners.AdminLogin@5149d738]" started-at="2024-02-06T16:14:04 GMT-05:00" name="setUpClass" finished-at="2024-02-06T16:14:05 GMT-05:00" duration-ms="962" status="PASS">
          <params>
            <param index="0">
              <value>
                <![CDATA[org.testng.TestRunner@7650ded6]]>
              </value>
            </param>
          </params>
          <reporter-output>
          </reporter-output>
        </test-method> <!-- setUpClass -->
        <test-method signature="runScenario(io.cucumber.testng.PickleWrapper,io.cucumber.testng.FeatureWrapper)[pri:0, instance:Test_Runners.AdminLogin@5149d738]" started-at="2024-02-06T16:14:05 GMT-05:00" name="runScenario" description="Runs Cucumber Scenarios" data-provider="scenarios" finished-at="2024-02-06T16:14:12 GMT-05:00" duration-ms="7140" status="PASS">
          <params>
            <param index="0">
              <value>
                <![CDATA["Admin Login with valid credentials"]]>
              </value>
            </param>
            <param index="1">
              <value>
                <![CDATA["Login Test"]]>
              </value>
            </param>
          </params>
          <reporter-output>
          </reporter-output>
        </test-method> <!-- runScenario -->
        <test-method signature="runScenario(io.cucumber.testng.PickleWrapper,io.cucumber.testng.FeatureWrapper)[pri:0, instance:Test_Runners.AdminLogin@5149d738]" started-at="2024-02-06T16:14:12 GMT-05:00" name="runScenario" description="Runs Cucumber Scenarios" data-provider="scenarios" finished-at="2024-02-06T16:14:16 GMT-05:00" duration-ms="3852" status="PASS">
          <params>
            <param index="0">
              <value>
                <![CDATA["Admin Login with Inalid data"]]>
              </value>
            </param>
            <param index="1">
              <value>
                <![CDATA["Login Test"]]>
              </value>
            </param>
          </params>
          <reporter-output>
          </reporter-output>
        </test-method> <!-- runScenario -->
        <test-method signature="runScenario(io.cucumber.testng.PickleWrapper,io.cucumber.testng.FeatureWrapper)[pri:0, instance:Test_Runners.AdminLogin@5149d738]" started-at="2024-02-06T16:14:16 GMT-05:00" name="runScenario" description="Runs Cucumber Scenarios" data-provider="scenarios" finished-at="2024-02-06T16:14:20 GMT-05:00" duration-ms="3873" status="PASS">
          <params>
            <param index="0">
              <value>
                <![CDATA["Admin Login with Inalid data"]]>
              </value>
            </param>
            <param index="1">
              <value>
                <![CDATA["Login Test"]]>
              </value>
            </param>
          </params>
          <reporter-output>
          </reporter-output>
        </test-method> <!-- runScenario -->
        <test-method signature="runScenario(io.cucumber.testng.PickleWrapper,io.cucumber.testng.FeatureWrapper)[pri:0, instance:Test_Runners.AdminLogin@5149d738]" started-at="2024-02-06T16:14:20 GMT-05:00" name="runScenario" description="Runs Cucumber Scenarios" data-provider="scenarios" finished-at="2024-02-06T16:14:23 GMT-05:00" duration-ms="3317" status="PASS">
          <params>
            <param index="0">
              <value>
                <![CDATA["Admin Login with Inalid data"]]>
              </value>
            </param>
            <param index="1">
              <value>
                <![CDATA["Login Test"]]>
              </value>
            </param>
          </params>
          <reporter-output>
          </reporter-output>
        </test-method> <!-- runScenario -->
        <test-method is-config="true" signature="tearDownClass()[pri:0, instance:Test_Runners.AdminLogin@5149d738]" started-at="2024-02-06T16:14:23 GMT-05:00" name="tearDownClass" finished-at="2024-02-06T16:14:23 GMT-05:00" duration-ms="80" status="PASS">
          <reporter-output>
          </reporter-output>
        </test-method> <!-- tearDownClass -->
      </class> <!-- Test_Runners.AdminLogin -->
    </test> <!-- Cucumber Test -->
  </suite> <!-- Cucumber Suite -->
</testng-results>
